<?xml version="1.0" encoding="UTF-8"?>
<robot generator="Robot 4.0.3 (Python 3.9.4 on win32)" generated="20210710 16:14:22.558" rpa="false" schemaversion="2">
<suite id="s1" name="Init" source="C:\robot\vvtest\web\tests\init.robot">
<test id="s1-t1" name="Should Fill Form">
<kw name="Nova sessão" library="base" type="SETUP">
<kw name="Open Browser" library="SeleniumLibrary">
<arg>${url}</arg>
<arg>chrome</arg>
<doc>Opens a new browser instance to the optional ``url``.</doc>
<msg timestamp="20210710 16:14:22.818" level="INFO">Opening browser 'chrome' to base url 'http://www.lourencodemonaco.com.br/vvtest/'.</msg>
<status status="PASS" starttime="20210710 16:14:22.817" endtime="20210710 16:14:30.515"/>
</kw>
<status status="PASS" starttime="20210710 16:14:22.817" endtime="20210710 16:14:30.515"/>
</kw>
<kw name="Title Should Be" library="SeleniumLibrary">
<arg>VV Test – Página de teste da Via Varejo</arg>
<doc>Verifies that the current page title equals ``title``.</doc>
<msg timestamp="20210710 16:14:30.521" level="INFO">Page title is 'VV Test – Página de teste da Via Varejo'.</msg>
<status status="PASS" starttime="20210710 16:14:30.516" endtime="20210710 16:14:30.522"/>
</kw>
<kw name="Go To" library="SeleniumLibrary">
<arg>${url}/pesquisa</arg>
<doc>Navigates the current browser window to the provided ``url``.</doc>
<msg timestamp="20210710 16:14:30.522" level="INFO">Opening url 'http://www.lourencodemonaco.com.br/vvtest//pesquisa'</msg>
<status status="PASS" starttime="20210710 16:14:30.522" endtime="20210710 16:14:35.656"/>
</kw>
<kw name="Input Text" library="SeleniumLibrary">
<arg>id:nf-field-5</arg>
<arg>Olivia</arg>
<doc>Types the given ``text`` into the text field identified by ``locator``.</doc>
<msg timestamp="20210710 16:14:35.658" level="INFO">Typing text 'Olivia' into text field 'id:nf-field-5'.</msg>
<status status="PASS" starttime="20210710 16:14:35.657" endtime="20210710 16:14:35.802"/>
</kw>
<kw name="Input Text" library="SeleniumLibrary">
<arg>id:nf-field-6</arg>
<arg>Souza</arg>
<doc>Types the given ``text`` into the text field identified by ``locator``.</doc>
<msg timestamp="20210710 16:14:35.803" level="INFO">Typing text 'Souza' into text field 'id:nf-field-6'.</msg>
<status status="PASS" starttime="20210710 16:14:35.803" endtime="20210710 16:14:35.905"/>
</kw>
<kw name="Input Text" library="SeleniumLibrary">
<arg>id:nf-field-7</arg>
<arg>olivia@teste.com</arg>
<doc>Types the given ``text`` into the text field identified by ``locator``.</doc>
<msg timestamp="20210710 16:14:35.906" level="INFO">Typing text 'olivia@teste.com' into text field 'id:nf-field-7'.</msg>
<status status="PASS" starttime="20210710 16:14:35.906" endtime="20210710 16:14:36.051"/>
</kw>
<kw name="Input Text" library="SeleniumLibrary">
<arg>id:nf-field-8</arg>
<arg>olivia@teste.com</arg>
<doc>Types the given ``text`` into the text field identified by ``locator``.</doc>
<msg timestamp="20210710 16:14:36.052" level="INFO">Typing text 'olivia@teste.com' into text field 'id:nf-field-8'.</msg>
<status status="PASS" starttime="20210710 16:14:36.051" endtime="20210710 16:14:36.234"/>
</kw>
<kw name="Mouse Down" library="SeleniumLibrary">
<arg>id:nf-label-field-13</arg>
<doc>Simulates pressing the left mouse button on the element ``locator``.</doc>
<msg timestamp="20210710 16:14:36.235" level="INFO">Simulating Mouse Down on element 'id:nf-label-field-13'.</msg>
<status status="PASS" starttime="20210710 16:14:36.235" endtime="20210710 16:14:36.537"/>
</kw>
<kw name="Click Element" library="SeleniumLibrary">
<arg>id:nf-label-class-field-10-1</arg>
<doc>Click the element identified by ``locator``.</doc>
<msg timestamp="20210710 16:14:36.539" level="INFO">Clicking element 'id:nf-label-class-field-10-1'.</msg>
<status status="PASS" starttime="20210710 16:14:36.538" endtime="20210710 16:14:36.624"/>
</kw>
<kw name="Select From List By Label" library="SeleniumLibrary">
<arg>id:nf-field-11</arg>
<arg>Menos de 5 anos</arg>
<doc>Selects options from selection list ``locator`` by ``labels``.</doc>
<msg timestamp="20210710 16:14:36.626" level="INFO">Selecting options from selection list 'id:nf-field-11' by label Menos de 5 anos.</msg>
<status status="PASS" starttime="20210710 16:14:36.626" endtime="20210710 16:14:36.730"/>
</kw>
<kw name="Mouse Down" library="SeleniumLibrary">
<arg>id:nf-label-field-15</arg>
<doc>Simulates pressing the left mouse button on the element ``locator``.</doc>
<msg timestamp="20210710 16:14:36.731" level="INFO">Simulating Mouse Down on element 'id:nf-label-field-15'.</msg>
<status status="PASS" starttime="20210710 16:14:36.731" endtime="20210710 16:14:37.042"/>
</kw>
<kw name="Select From List By Label" library="SeleniumLibrary">
<arg>id:nf-field-12</arg>
<arg>Sou mega chato</arg>
<doc>Selects options from selection list ``locator`` by ``labels``.</doc>
<msg timestamp="20210710 16:14:37.045" level="INFO">Selecting options from selection list 'id:nf-field-12' by label Sou mega chato.</msg>
<status status="PASS" starttime="20210710 16:14:37.044" endtime="20210710 16:14:37.183"/>
</kw>
<kw name="Click Element" library="SeleniumLibrary">
<arg>id:nf-label-class-field-13-1</arg>
<doc>Click the element identified by ``locator``.</doc>
<msg timestamp="20210710 16:14:37.184" level="INFO">Clicking element 'id:nf-label-class-field-13-1'.</msg>
<status status="PASS" starttime="20210710 16:14:37.183" endtime="20210710 16:14:37.252"/>
</kw>
<kw name="Input Text" library="SeleniumLibrary">
<arg>id:nf-field-14</arg>
<arg>Python</arg>
<doc>Types the given ``text`` into the text field identified by ``locator``.</doc>
<msg timestamp="20210710 16:14:37.255" level="INFO">Typing text 'Python' into text field 'id:nf-field-14'.</msg>
<status status="PASS" starttime="20210710 16:14:37.254" endtime="20210710 16:14:37.401"/>
</kw>
<kw name="Click Element" library="SeleniumLibrary">
<arg>id:nf-field-16</arg>
<doc>Click the element identified by ``locator``.</doc>
<msg timestamp="20210710 16:14:37.401" level="INFO">Clicking element 'id:nf-field-16'.</msg>
<status status="PASS" starttime="20210710 16:14:37.401" endtime="20210710 16:14:37.491"/>
</kw>
<kw name="Wait Until Page Contains" library="SeleniumLibrary">
<arg>Your form has been successfully submitted.</arg>
<arg>5</arg>
<doc>Waits until ``text`` appears on the current page.</doc>
<status status="PASS" starttime="20210710 16:14:37.492" endtime="20210710 16:14:39.368"/>
</kw>
<kw name="Encerra sessão" library="base" type="TEARDOWN">
<kw name="Capture Page Screenshot" library="SeleniumLibrary">
<doc>Takes a screenshot of the current page and embeds it into a log file.</doc>
<msg timestamp="20210710 16:14:39.517" level="INFO" html="true">&lt;/td&gt;&lt;/tr&gt;&lt;tr&gt;&lt;td colspan="3"&gt;&lt;a href="selenium-screenshot-1.png"&gt;&lt;img src="selenium-screenshot-1.png" width="800px"&gt;&lt;/a&gt;</msg>
<status status="PASS" starttime="20210710 16:14:39.371" endtime="20210710 16:14:39.518"/>
</kw>
<kw name="Close Browser" library="SeleniumLibrary">
<doc>Closes the current browser.</doc>
<status status="PASS" starttime="20210710 16:14:39.518" endtime="20210710 16:14:41.666"/>
</kw>
<status status="PASS" starttime="20210710 16:14:39.370" endtime="20210710 16:14:41.667"/>
</kw>
<status status="PASS" starttime="20210710 16:14:22.816" endtime="20210710 16:14:41.670"/>
</test>
<status status="PASS" starttime="20210710 16:14:22.560" endtime="20210710 16:14:41.676"/>
</suite>
<statistics>
<total>
<stat pass="1" fail="0" skip="0">All Tests</stat>
</total>
<tag>
</tag>
<suite>
<stat pass="1" fail="0" skip="0" id="s1" name="Init">Init</stat>
</suite>
</statistics>
<errors>
</errors>
</robot>
